Analysis & Synthesis report for sd_irrigador
Wed Dec 13 18:18:07 2023
Quartus II 64-Bit Version 13.0.1 Build 232 06/12/2013 Service Pack 1 SJ Web Edition


---------------------
; Table of Contents ;
---------------------
  1. Legal Notice
  2. Analysis & Synthesis Summary
  3. Analysis & Synthesis Settings
  4. Parallel Compilation
  5. Analysis & Synthesis Source Files Read
  6. Analysis & Synthesis Resource Usage Summary
  7. Analysis & Synthesis Resource Utilization by Entity
  8. Registers Removed During Synthesis
  9. General Register Statistics
 10. Inverted Register Statistics
 11. Multiplexer Restructuring Statistics (Restructuring Performed)
 12. Elapsed Time Per Partition
 13. Analysis & Synthesis Messages



----------------
; Legal Notice ;
----------------
Copyright (C) 1991-2013 Altera Corporation
Your use of Altera Corporation's design tools, logic functions 
and other software and tools, and its AMPP partner logic 
functions, and any output files from any of the foregoing 
(including device programming or simulation files), and any 
associated documentation or information are expressly subject 
to the terms and conditions of the Altera Program License 
Subscription Agreement, Altera MegaCore Function License 
Agreement, or other applicable license agreement, including, 
without limitation, that your use is for the sole purpose of 
programming logic devices manufactured by Altera and sold by 
Altera or its authorized distributors.  Please refer to the 
applicable agreement for further details.



+--------------------------------------------------------------------------------------+
; Analysis & Synthesis Summary                                                         ;
+------------------------------------+-------------------------------------------------+
; Analysis & Synthesis Status        ; Successful - Wed Dec 13 18:18:07 2023           ;
; Quartus II 64-Bit Version          ; 13.0.1 Build 232 06/12/2013 SP 1 SJ Web Edition ;
; Revision Name                      ; sd_irrigador                                    ;
; Top-level Entity Name              ; sd_irrigador                                    ;
; Family                             ; Cyclone II                                      ;
; Total logic elements               ; 27                                              ;
;     Total combinational functions  ; 25                                              ;
;     Dedicated logic registers      ; 17                                              ;
; Total registers                    ; 17                                              ;
; Total pins                         ; 46                                              ;
; Total virtual pins                 ; 0                                               ;
; Total memory bits                  ; 0                                               ;
; Embedded Multiplier 9-bit elements ; 0                                               ;
; Total PLLs                         ; 0                                               ;
+------------------------------------+-------------------------------------------------+


+----------------------------------------------------------------------------------------------------------------------+
; Analysis & Synthesis Settings                                                                                        ;
+----------------------------------------------------------------------------+--------------------+--------------------+
; Option                                                                     ; Setting            ; Default Value      ;
+----------------------------------------------------------------------------+--------------------+--------------------+
; Device                                                                     ; EP2C35F672C6       ;                    ;
; Top-level entity name                                                      ; sd_irrigador       ; sd_irrigador       ;
; Family name                                                                ; Cyclone II         ; Cyclone IV GX      ;
; Use smart compilation                                                      ; Off                ; Off                ;
; Enable parallel Assembler and TimeQuest Timing Analyzer during compilation ; On                 ; On                 ;
; Enable compact report table                                                ; Off                ; Off                ;
; Restructure Multiplexers                                                   ; Auto               ; Auto               ;
; Create Debugging Nodes for IP Cores                                        ; Off                ; Off                ;
; Preserve fewer node names                                                  ; On                 ; On                 ;
; Disable OpenCore Plus hardware evaluation                                  ; Off                ; Off                ;
; Verilog Version                                                            ; Verilog_2001       ; Verilog_2001       ;
; VHDL Version                                                               ; VHDL_1993          ; VHDL_1993          ;
; State Machine Processing                                                   ; Auto               ; Auto               ;
; Safe State Machine                                                         ; Off                ; Off                ;
; Extract Verilog State Machines                                             ; On                 ; On                 ;
; Extract VHDL State Machines                                                ; On                 ; On                 ;
; Ignore Verilog initial constructs                                          ; Off                ; Off                ;
; Iteration limit for constant Verilog loops                                 ; 5000               ; 5000               ;
; Iteration limit for non-constant Verilog loops                             ; 250                ; 250                ;
; Add Pass-Through Logic to Inferred RAMs                                    ; On                 ; On                 ;
; Infer RAMs from Raw Logic                                                  ; On                 ; On                 ;
; Parallel Synthesis                                                         ; On                 ; On                 ;
; DSP Block Balancing                                                        ; Auto               ; Auto               ;
; NOT Gate Push-Back                                                         ; On                 ; On                 ;
; Power-Up Don't Care                                                        ; On                 ; On                 ;
; Remove Redundant Logic Cells                                               ; Off                ; Off                ;
; Remove Duplicate Registers                                                 ; On                 ; On                 ;
; Ignore CARRY Buffers                                                       ; Off                ; Off                ;
; Ignore CASCADE Buffers                                                     ; Off                ; Off                ;
; Ignore GLOBAL Buffers                                                      ; Off                ; Off                ;
; Ignore ROW GLOBAL Buffers                                                  ; Off                ; Off                ;
; Ignore LCELL Buffers                                                       ; Off                ; Off                ;
; Ignore SOFT Buffers                                                        ; On                 ; On                 ;
; Limit AHDL Integers to 32 Bits                                             ; Off                ; Off                ;
; Optimization Technique                                                     ; Balanced           ; Balanced           ;
; Carry Chain Length                                                         ; 70                 ; 70                 ;
; Auto Carry Chains                                                          ; On                 ; On                 ;
; Auto Open-Drain Pins                                                       ; On                 ; On                 ;
; Perform WYSIWYG Primitive Resynthesis                                      ; Off                ; Off                ;
; Auto ROM Replacement                                                       ; On                 ; On                 ;
; Auto RAM Replacement                                                       ; On                 ; On                 ;
; Auto Shift Register Replacement                                            ; Auto               ; Auto               ;
; Allow Shift Register Merging across Hierarchies                            ; Auto               ; Auto               ;
; Auto Clock Enable Replacement                                              ; On                 ; On                 ;
; Strict RAM Replacement                                                     ; Off                ; Off                ;
; Allow Synchronous Control Signals                                          ; On                 ; On                 ;
; Force Use of Synchronous Clear Signals                                     ; Off                ; Off                ;
; Auto RAM to Logic Cell Conversion                                          ; Off                ; Off                ;
; Auto Resource Sharing                                                      ; Off                ; Off                ;
; Allow Any RAM Size For Recognition                                         ; Off                ; Off                ;
; Allow Any ROM Size For Recognition                                         ; Off                ; Off                ;
; Allow Any Shift Register Size For Recognition                              ; Off                ; Off                ;
; Use LogicLock Constraints during Resource Balancing                        ; On                 ; On                 ;
; Ignore translate_off and synthesis_off directives                          ; Off                ; Off                ;
; Timing-Driven Synthesis                                                    ; Off                ; Off                ;
; Report Parameter Settings                                                  ; On                 ; On                 ;
; Report Source Assignments                                                  ; On                 ; On                 ;
; Report Connectivity Checks                                                 ; On                 ; On                 ;
; Ignore Maximum Fan-Out Assignments                                         ; Off                ; Off                ;
; Synchronization Register Chain Length                                      ; 2                  ; 2                  ;
; PowerPlay Power Optimization                                               ; Normal compilation ; Normal compilation ;
; HDL message level                                                          ; Level2             ; Level2             ;
; Suppress Register Optimization Related Messages                            ; Off                ; Off                ;
; Number of Removed Registers Reported in Synthesis Report                   ; 5000               ; 5000               ;
; Number of Swept Nodes Reported in Synthesis Report                         ; 5000               ; 5000               ;
; Number of Inverted Registers Reported in Synthesis Report                  ; 100                ; 100                ;
; Clock MUX Protection                                                       ; On                 ; On                 ;
; Auto Gated Clock Conversion                                                ; Off                ; Off                ;
; Block Design Naming                                                        ; Auto               ; Auto               ;
; SDC constraint protection                                                  ; Off                ; Off                ;
; Synthesis Effort                                                           ; Auto               ; Auto               ;
; Shift Register Replacement - Allow Asynchronous Clear Signal               ; On                 ; On                 ;
; Pre-Mapping Resynthesis Optimization                                       ; Off                ; Off                ;
; Analysis & Synthesis Message Level                                         ; Medium             ; Medium             ;
; Disable Register Merging Across Hierarchies                                ; Auto               ; Auto               ;
; Resource Aware Inference For Block RAM                                     ; On                 ; On                 ;
; Synthesis Seed                                                             ; 1                  ; 1                  ;
+----------------------------------------------------------------------------+--------------------+--------------------+


Parallel compilation was disabled, but you have multiple processors available. Enable parallel compilation to reduce compilation time.
+-------------------------------------+
; Parallel Compilation                ;
+----------------------------+--------+
; Processors                 ; Number ;
+----------------------------+--------+
; Number detected on machine ; 8      ;
; Maximum allowed            ; 1      ;
+----------------------------+--------+


+-----------------------------------------------------------------------------------------------------------------------------------+
; Analysis & Synthesis Source Files Read                                                                                            ;
+----------------------------------+-----------------+-----------------+--------------------------------------------------+---------+
; File Name with User-Entered Path ; Used in Netlist ; File Type       ; File Name with Absolute Path                     ; Library ;
+----------------------------------+-----------------+-----------------+--------------------------------------------------+---------+
; sd_irrigador.vhd                 ; yes             ; User VHDL File  ; C:/altera/projetos/sd_irrigador/sd_irrigador.vhd ;         ;
; controller.vhd                   ; yes             ; User VHDL File  ; C:/altera/projetos/sd_irrigador/controller.vhd   ;         ;
; data_path.vhd                    ; yes             ; User VHDL File  ; C:/altera/projetos/sd_irrigador/data_path.vhd    ;         ;
+----------------------------------+-----------------+-----------------+--------------------------------------------------+---------+


+-----------------------------------------------------+
; Analysis & Synthesis Resource Usage Summary         ;
+---------------------------------------------+-------+
; Resource                                    ; Usage ;
+---------------------------------------------+-------+
; Estimated Total logic elements              ; 27    ;
;                                             ;       ;
; Total combinational functions               ; 25    ;
; Logic element usage by number of LUT inputs ;       ;
;     -- 4 input functions                    ; 10    ;
;     -- 3 input functions                    ; 6     ;
;     -- <=2 input functions                  ; 9     ;
;                                             ;       ;
; Logic elements by mode                      ;       ;
;     -- normal mode                          ; 25    ;
;     -- arithmetic mode                      ; 0     ;
;                                             ;       ;
; Total registers                             ; 17    ;
;     -- Dedicated logic registers            ; 17    ;
;     -- I/O registers                        ; 0     ;
;                                             ;       ;
; I/O pins                                    ; 46    ;
; Embedded Multiplier 9-bit elements          ; 0     ;
; Maximum fan-out node                        ; clk   ;
; Maximum fan-out                             ; 17    ;
; Total fan-out                               ; 126   ;
; Average fan-out                             ; 1.43  ;
+---------------------------------------------+-------+


+-------------------------------------------------------------------------------------------------------------------------------------------------------------------------------------------------+
; Analysis & Synthesis Resource Utilization by Entity                                                                                                                                             ;
+------------------------------+-------------------+--------------+-------------+--------------+---------+-----------+------+--------------+---------------------------------------+--------------+
; Compilation Hierarchy Node   ; LC Combinationals ; LC Registers ; Memory Bits ; DSP Elements ; DSP 9x9 ; DSP 18x18 ; Pins ; Virtual Pins ; Full Hierarchy Name                   ; Library Name ;
+------------------------------+-------------------+--------------+-------------+--------------+---------+-----------+------+--------------+---------------------------------------+--------------+
; |sd_irrigador                ; 25 (0)            ; 17 (0)       ; 0           ; 0            ; 0       ; 0         ; 46   ; 0            ; |sd_irrigador                         ; work         ;
;    |controller:inst_control| ; 12 (12)           ; 6 (6)        ; 0           ; 0            ; 0       ; 0         ; 0    ; 0            ; |sd_irrigador|controller:inst_control ; work         ;
;    |data_path:inst_datapath| ; 13 (13)           ; 11 (11)      ; 0           ; 0            ; 0       ; 0         ; 0    ; 0            ; |sd_irrigador|data_path:inst_datapath ; work         ;
+------------------------------+-------------------+--------------+-------------+--------------+---------+-----------+------+--------------+---------------------------------------+--------------+
Note: For table entries with two numbers listed, the numbers in parentheses indicate the number of resources of the given type used by the specific entity alone. The numbers listed outside of parentheses indicate the total resources of the given type used by the specific entity and all of its sub-entities in the hierarchy.


+----------------------------------------------------------------------------------------+
; Registers Removed During Synthesis                                                     ;
+----------------------------------------+-----------------------------------------------+
; Register name                          ; Reason for Removal                            ;
+----------------------------------------+-----------------------------------------------+
; data_path:inst_datapath|T[4..30]       ; Stuck at GND due to stuck port data_in        ;
; data_path:inst_datapath|sub_in[1..3]   ; Merged with data_path:inst_datapath|sub_in[0] ;
; Total Number of Removed Registers = 30 ;                                               ;
+----------------------------------------+-----------------------------------------------+


+------------------------------------------------------+
; General Register Statistics                          ;
+----------------------------------------------+-------+
; Statistic                                    ; Value ;
+----------------------------------------------+-------+
; Total registers                              ; 17    ;
; Number of registers using Synchronous Clear  ; 0     ;
; Number of registers using Synchronous Load   ; 0     ;
; Number of registers using Asynchronous Clear ; 3     ;
; Number of registers using Asynchronous Load  ; 0     ;
; Number of registers using Clock Enable       ; 2     ;
; Number of registers using Preset             ; 0     ;
+----------------------------------------------+-------+


+--------------------------------------------------+
; Inverted Register Statistics                     ;
+----------------------------------------+---------+
; Inverted Register                      ; Fan out ;
+----------------------------------------+---------+
; data_path:inst_datapath|T[0]           ; 1       ;
; data_path:inst_datapath|T[31]          ; 1       ;
; data_path:inst_datapath|Tv[1]          ; 6       ;
; data_path:inst_datapath|Tv[3]          ; 5       ;
; controller:inst_control|rt1            ; 2       ;
; Total number of inverted registers = 5 ;         ;
+----------------------------------------+---------+


+-----------------------------------------------------------------------------------------------------------------------------------------------------------+
; Multiplexer Restructuring Statistics (Restructuring Performed)                                                                                            ;
+--------------------+-----------+---------------+----------------------+------------------------+------------+---------------------------------------------+
; Multiplexer Inputs ; Bus Width ; Baseline Area ; Area if Restructured ; Saving if Restructured ; Registered ; Example Multiplexer Output                  ;
+--------------------+-----------+---------------+----------------------+------------------------+------------+---------------------------------------------+
; 3:1                ; 2 bits    ; 4 LEs         ; 2 LEs                ; 2 LEs                  ; Yes        ; |sd_irrigador|data_path:inst_datapath|Tv[0] ;
; 3:1                ; 2 bits    ; 4 LEs         ; 2 LEs                ; 2 LEs                  ; Yes        ; |sd_irrigador|data_path:inst_datapath|Tv[1] ;
+--------------------+-----------+---------------+----------------------+------------------------+------------+---------------------------------------------+


+-------------------------------+
; Elapsed Time Per Partition    ;
+----------------+--------------+
; Partition Name ; Elapsed Time ;
+----------------+--------------+
; Top            ; 00:00:00     ;
+----------------+--------------+


+-------------------------------+
; Analysis & Synthesis Messages ;
+-------------------------------+
Info: *******************************************************************
Info: Running Quartus II 64-Bit Analysis & Synthesis
    Info: Version 13.0.1 Build 232 06/12/2013 Service Pack 1 SJ Web Edition
    Info: Processing started: Wed Dec 13 18:18:05 2023
Info: Command: quartus_map --read_settings_files=on --write_settings_files=off sd_irrigador -c sd_irrigador
Warning (20028): Parallel compilation is not licensed and has been disabled
Info (12021): Found 2 design units, including 1 entities, in source file sd_irrigador.vhd
    Info (12022): Found design unit 1: sd_irrigador-main
    Info (12023): Found entity 1: sd_irrigador
Info (12021): Found 2 design units, including 1 entities, in source file controller.vhd
    Info (12022): Found design unit 1: controller-main
    Info (12023): Found entity 1: controller
Info (12021): Found 2 design units, including 1 entities, in source file data_path.vhd
    Info (12022): Found design unit 1: data_path-main
    Info (12023): Found entity 1: data_path
Warning (12019): Can't analyze file -- file output_files/lcd_controller.vhd is missing
Warning (12019): Can't analyze file -- file lcd_controller.vhd is missing
Info (12021): Found 2 design units, including 1 entities, in source file led_hex.vhd
    Info (12022): Found design unit 1: led_hex-main
    Info (12023): Found entity 1: led_hex
Info (12127): Elaborating entity "sd_irrigador" for the top level hierarchy
Info (12128): Elaborating entity "controller" for hierarchy "controller:inst_control"
Warning (10631): VHDL Process Statement warning at controller.vhd(19): inferring latch(es) for signal or variable "hex_0_a", which holds its previous value in one or more paths through the process
Warning (10631): VHDL Process Statement warning at controller.vhd(19): inferring latch(es) for signal or variable "hex_0_b", which holds its previous value in one or more paths through the process
Warning (10631): VHDL Process Statement warning at controller.vhd(19): inferring latch(es) for signal or variable "hex_0_c", which holds its previous value in one or more paths through the process
Warning (10631): VHDL Process Statement warning at controller.vhd(19): inferring latch(es) for signal or variable "hex_0_d", which holds its previous value in one or more paths through the process
Warning (10631): VHDL Process Statement warning at controller.vhd(19): inferring latch(es) for signal or variable "hex_0_e", which holds its previous value in one or more paths through the process
Warning (10631): VHDL Process Statement warning at controller.vhd(19): inferring latch(es) for signal or variable "hex_0_f", which holds its previous value in one or more paths through the process
Warning (10631): VHDL Process Statement warning at controller.vhd(19): inferring latch(es) for signal or variable "hex_0_g", which holds its previous value in one or more paths through the process
Info (10041): Inferred latch for "hex_0_g" at controller.vhd(19)
Info (10041): Inferred latch for "hex_0_f" at controller.vhd(19)
Info (10041): Inferred latch for "hex_0_e" at controller.vhd(19)
Info (10041): Inferred latch for "hex_0_d" at controller.vhd(19)
Info (10041): Inferred latch for "hex_0_c" at controller.vhd(19)
Info (10041): Inferred latch for "hex_0_b" at controller.vhd(19)
Info (10041): Inferred latch for "hex_0_a" at controller.vhd(19)
Info (12128): Elaborating entity "data_path" for hierarchy "data_path:inst_datapath"
Warning (10543): VHDL Variable Declaration warning at data_path.vhd(22): used default initial value for variable "c1" because variable was never assigned a value or an initial value expression. Use of default initial value may introduce unintended design optimizations.
Warning (10543): VHDL Variable Declaration warning at data_path.vhd(23): used default initial value for variable "c2" because variable was never assigned a value or an initial value expression. Use of default initial value may introduce unintended design optimizations.
Warning (10492): VHDL Process Statement warning at data_path.vhd(26): signal "btn_reset" is read inside the Process Statement but isn't in the Process Statement's sensitivity list
Info (13000): Registers with preset signals will power-up high
Info (13003): DEV_CLRn pin will set, and not reset, register with preset signal due to NOT Gate Push-Back
Warning (13024): Output pins are stuck at VCC or GND
    Warning (13410): Pin "T[4]" is stuck at GND
    Warning (13410): Pin "T[5]" is stuck at GND
    Warning (13410): Pin "T[6]" is stuck at GND
    Warning (13410): Pin "T[7]" is stuck at GND
    Warning (13410): Pin "T[8]" is stuck at GND
    Warning (13410): Pin "T[9]" is stuck at GND
    Warning (13410): Pin "T[10]" is stuck at GND
    Warning (13410): Pin "T[11]" is stuck at GND
    Warning (13410): Pin "T[12]" is stuck at GND
    Warning (13410): Pin "T[13]" is stuck at GND
    Warning (13410): Pin "T[14]" is stuck at GND
    Warning (13410): Pin "T[15]" is stuck at GND
    Warning (13410): Pin "T[16]" is stuck at GND
    Warning (13410): Pin "T[17]" is stuck at GND
    Warning (13410): Pin "T[18]" is stuck at GND
    Warning (13410): Pin "T[19]" is stuck at GND
    Warning (13410): Pin "T[20]" is stuck at GND
    Warning (13410): Pin "T[21]" is stuck at GND
    Warning (13410): Pin "T[22]" is stuck at GND
    Warning (13410): Pin "T[23]" is stuck at GND
    Warning (13410): Pin "T[24]" is stuck at GND
    Warning (13410): Pin "T[25]" is stuck at GND
    Warning (13410): Pin "T[26]" is stuck at GND
    Warning (13410): Pin "T[27]" is stuck at GND
    Warning (13410): Pin "T[28]" is stuck at GND
    Warning (13410): Pin "T[29]" is stuck at GND
    Warning (13410): Pin "T[30]" is stuck at GND
    Warning (13410): Pin "hex_0_b" is stuck at GND
Critical Warning (18061): Ignored Power-Up Level option on the following registers
    Critical Warning (18010): Register controller:inst_control|rt1 will power up to High
Info (16010): Generating hard_block partition "hard_block:auto_generated_inst"
    Info (16011): Adding 0 node(s), including 0 DDIO, 0 PLL, 0 transceiver and 0 LCELL
Info (21057): Implemented 73 device resources after synthesis - the final resource count might be different
    Info (21058): Implemented 3 input pins
    Info (21059): Implemented 43 output pins
    Info (21061): Implemented 27 logic cells
Info: Quartus II 64-Bit Analysis & Synthesis was successful. 0 errors, 44 warnings
    Info: Peak virtual memory: 4634 megabytes
    Info: Processing ended: Wed Dec 13 18:18:07 2023
    Info: Elapsed time: 00:00:02
    Info: Total CPU time (on all processors): 00:00:02


